PLINK v1.90b6.24 64-bit (6 Jun 2021)
Options in effect:
  --file /home/umar/Desktop/Sanbox/Gen_Assoc/apps/vtmp/top/25markers
  --mendel
  --out 25markers_check

Hostname: kaya
Working directory: /home/umar/Desktop/Sanbox/Gen_Assoc/apps
Start time: Wed May 18 12:18:17 2022

Random number seed: 1652876297
7653 MB RAM detected; reserving 3826 MB for main workspace.
Scanning .ped file... done.
Performing single-pass .bed write (25 variants, 481 people).
--file: 25markers_check-temporary.bed + 25markers_check-temporary.bim +
25markers_check-temporary.fam written.
25 variants loaded from .bim file.
481 people (264 males, 217 females) loaded from .fam.
481 phenotype values loaded from .fam.
Using 1 thread (no multithreaded calculations invoked).
Before main variant filters, 34 founders and 447 nonfounders present.
Calculating allele frequencies... done.
Total genotyping rate is 0.998337.
--me/--mendel: 0 Mendel errors detected.
Reports written to 25markers_check.mendel + 25markers_check.imendel +
25markers_check.fmendel + 25markers_check.lmendel .

End time: Wed May 18 12:18:17 2022
